2023-04-08 00:02:50.857  INFO 26988 --- [main] d.m.sbaclient.SbaClientApplication       : Starting SbaClientApplication using Java 11.0.16.1 on A70MOB with PID 26988 (D:\projects\marks\spring-boot-admin-server\sba-client\target\classes started by marks in D:\projects\marks\spring-boot-admin-server\sba-client)
2023-04-08 00:02:50.863  INFO 26988 --- [main] d.m.sbaclient.SbaClientApplication       : No active profile set, falling back to 1 default profile: "default"
2023-04-08 00:02:51.453  INFO 26988 --- [main] o.s.b.w.embedded.tomcat.TomcatWebServer  : Tomcat initialized with port(s): 8080 (http)
2023-04-08 00:02:51.457  INFO 26988 --- [main] o.apache.catalina.core.StandardService   : Starting service [Tomcat]
2023-04-08 00:02:51.457  INFO 26988 --- [main] org.apache.catalina.core.StandardEngine  : Starting Servlet engine: [Apache Tomcat/9.0.73]
2023-04-08 00:02:51.507  INFO 26988 --- [main] o.a.c.c.C.[.[localhost].[/admin-client]  : Initializing Spring embedded WebApplicationContext
2023-04-08 00:02:51.507  INFO 26988 --- [main] w.s.c.ServletWebServerApplicationContext : Root WebApplicationContext: initialization completed in 620 ms
2023-04-08 00:02:51.785  INFO 26988 --- [main] o.s.b.a.e.web.EndpointLinksResolver      : Exposing 15 endpoint(s) beneath base path '/actuator'
2023-04-08 00:02:51.794  INFO 26988 --- [main] o.s.s.web.DefaultSecurityFilterChain     : Will secure any request with [org.springframework.security.web.session.DisableEncodeUrlFilter@33d7765a, org.springframework.security.web.context.request.async.WebAsyncManagerIntegrationFilter@69ed5ea2, org.springframework.security.web.context.SecurityContextPersistenceFilter@750ed637, org.springframework.security.web.header.HeaderWriterFilter@3a7b2e2, org.springframework.web.filter.CorsFilter@56a4abd0, org.springframework.security.web.csrf.CsrfFilter@17207f5b, org.springframework.security.web.authentication.logout.LogoutFilter@7d4d8579, org.springframework.security.web.authentication.UsernamePasswordAuthenticationFilter@7f8a9454, org.springframework.security.web.authentication.ui.DefaultLoginPageGeneratingFilter@575cabf0, org.springframework.security.web.authentication.ui.DefaultLogoutPageGeneratingFilter@5eed6dfb, org.springframework.security.web.authentication.www.BasicAuthenticationFilter@58a765ce, org.springframework.security.web.savedrequest.RequestCacheAwareFilter@673e76b3, org.springframework.security.web.servletapi.SecurityContextHolderAwareRequestFilter@1bedc703, org.springframework.security.web.authentication.AnonymousAuthenticationFilter@5600a5da, org.springframework.security.web.session.SessionManagementFilter@2921a36a, org.springframework.security.web.access.ExceptionTranslationFilter@7c241a9f, org.springframework.security.web.access.intercept.FilterSecurityInterceptor@3e546734]
2023-04-08 00:02:51.908  INFO 26988 --- [main] o.s.b.w.embedded.tomcat.TomcatWebServer  : Tomcat started on port(s): 8080 (http) with context path '/admin-client'
2023-04-08 00:02:51.918  INFO 26988 --- [main] d.m.sbaclient.SbaClientApplication       : Started SbaClientApplication in 1.32 seconds (JVM running for 2.106)
2023-04-08 00:02:52.041  INFO 26988 --- [registrationTask1] d.c.b.a.c.r.ApplicationRegistrator       : Application registered itself as c823579cc6b3
2023-04-08 00:02:52.061  INFO 26988 --- [http-nio-8080-exec-1] o.a.c.c.C.[.[localhost].[/admin-client]  : Initializing Spring DispatcherServlet 'dispatcherServlet'
2023-04-08 00:02:52.061  INFO 26988 --- [http-nio-8080-exec-1] o.s.web.servlet.DispatcherServlet        : Initializing Servlet 'dispatcherServlet'
2023-04-08 00:02:52.062  INFO 26988 --- [http-nio-8080-exec-1] o.s.web.servlet.DispatcherServlet        : Completed initialization in 1 ms
2023-04-08 00:03:33.901  WARN 26988 --- [http-nio-8080-exec-6] o.a.c.util.SessionIdGeneratorBase        : Creation of SecureRandom instance for session ID generation using [SHA1PRNG] took [277] milliseconds.
2023-04-08 00:06:21.868  INFO 21464 --- [main] d.m.sbaclient.SbaClientApplication       : Starting SbaClientApplication using Java 11.0.16.1 on A70MOB with PID 21464 (D:\projects\marks\spring-boot-admin-server\sba-client\target\classes started by marks in D:\projects\marks\spring-boot-admin-server\sba-client)
2023-04-08 00:06:21.870  INFO 21464 --- [main] d.m.sbaclient.SbaClientApplication       : No active profile set, falling back to 1 default profile: "default"
2023-04-08 00:06:22.483  INFO 21464 --- [main] o.s.b.w.embedded.tomcat.TomcatWebServer  : Tomcat initialized with port(s): 8080 (http)
2023-04-08 00:06:22.487  INFO 21464 --- [main] o.apache.catalina.core.StandardService   : Starting service [Tomcat]
2023-04-08 00:06:22.487  INFO 21464 --- [main] org.apache.catalina.core.StandardEngine  : Starting Servlet engine: [Apache Tomcat/9.0.73]
2023-04-08 00:06:22.532  INFO 21464 --- [main] o.a.c.c.C.[.[localhost].[/admin-client]  : Initializing Spring embedded WebApplicationContext
2023-04-08 00:06:22.532  INFO 21464 --- [main] w.s.c.ServletWebServerApplicationContext : Root WebApplicationContext: initialization completed in 636 ms
2023-04-08 00:06:22.909  INFO 21464 --- [main] o.s.b.a.e.web.EndpointLinksResolver      : Exposing 15 endpoint(s) beneath base path '/actuator'
2023-04-08 00:06:22.919  INFO 21464 --- [main] o.s.s.web.DefaultSecurityFilterChain     : Will secure any request with [org.springframework.security.web.session.DisableEncodeUrlFilter@8fcc534, org.springframework.security.web.context.request.async.WebAsyncManagerIntegrationFilter@5e599100, org.springframework.security.web.context.SecurityContextPersistenceFilter@7c241a9f, org.springframework.security.web.header.HeaderWriterFilter@740b6628, org.springframework.web.filter.CorsFilter@3b435211, org.springframework.security.web.csrf.CsrfFilter@4e3f2908, org.springframework.security.web.authentication.logout.LogoutFilter@6f9e08d4, org.springframework.security.web.authentication.UsernamePasswordAuthenticationFilter@626b639e, org.springframework.security.web.authentication.ui.DefaultLoginPageGeneratingFilter@5190010f, org.springframework.security.web.authentication.ui.DefaultLogoutPageGeneratingFilter@361cd35c, org.springframework.security.web.authentication.www.BasicAuthenticationFilter@6f85ee02, org.springframework.security.web.savedrequest.RequestCacheAwareFilter@7d8cf9ac, org.springframework.security.web.servletapi.SecurityContextHolderAwareRequestFilter@5f0bab7e, org.springframework.security.web.authentication.AnonymousAuthenticationFilter@58a765ce, org.springframework.security.web.session.SessionManagementFilter@766a52f5, org.springframework.security.web.access.ExceptionTranslationFilter@3a8cea24, org.springframework.security.web.access.intercept.FilterSecurityInterceptor@78b7f805]
2023-04-08 00:06:23.050  INFO 21464 --- [main] o.s.b.w.embedded.tomcat.TomcatWebServer  : Tomcat started on port(s): 8080 (http) with context path '/admin-client'
2023-04-08 00:06:23.062  INFO 21464 --- [main] d.m.sbaclient.SbaClientApplication       : Started SbaClientApplication in 1.459 seconds (JVM running for 2.131)
2023-04-08 00:06:23.201  INFO 21464 --- [registrationTask1] d.c.b.a.c.r.ApplicationRegistrator       : Application registered itself as c823579cc6b3
2023-04-08 00:06:23.220  INFO 21464 --- [http-nio-8080-exec-1] o.a.c.c.C.[.[localhost].[/admin-client]  : Initializing Spring DispatcherServlet 'dispatcherServlet'
2023-04-08 00:06:23.220  INFO 21464 --- [http-nio-8080-exec-1] o.s.web.servlet.DispatcherServlet        : Initializing Servlet 'dispatcherServlet'
2023-04-08 00:06:23.221  INFO 21464 --- [http-nio-8080-exec-1] o.s.web.servlet.DispatcherServlet        : Completed initialization in 1 ms
2023-04-08 00:06:27.770  INFO 23480 --- [main] d.m.sbaclient.SbaClientApplication       : Starting SbaClientApplication using Java 11.0.16.1 on A70MOB with PID 23480 (D:\projects\marks\spring-boot-admin-server\sba-client\target\classes started by marks in D:\projects\marks\spring-boot-admin-server\sba-client)
2023-04-08 00:06:27.771  INFO 23480 --- [main] d.m.sbaclient.SbaClientApplication       : No active profile set, falling back to 1 default profile: "default"
2023-04-08 00:06:28.317  INFO 23480 --- [main] o.s.b.w.embedded.tomcat.TomcatWebServer  : Tomcat initialized with port(s): 8080 (http)
2023-04-08 00:06:28.322  INFO 23480 --- [main] o.apache.catalina.core.StandardService   : Starting service [Tomcat]
2023-04-08 00:06:28.322  INFO 23480 --- [main] org.apache.catalina.core.StandardEngine  : Starting Servlet engine: [Apache Tomcat/9.0.73]
2023-04-08 00:06:28.369  INFO 23480 --- [main] o.a.c.c.C.[.[localhost].[/admin-client]  : Initializing Spring embedded WebApplicationContext
2023-04-08 00:06:28.369  INFO 23480 --- [main] w.s.c.ServletWebServerApplicationContext : Root WebApplicationContext: initialization completed in 576 ms
2023-04-08 00:06:28.519  WARN 23480 --- [main] ConfigServletWebServerApplicationContext : Exception encountered during context initialization - cancelling refresh attempt: org.springframework.beans.factory.UnsatisfiedDependencyException: Error creating bean with name 'org.springframework.security.config.annotation.web.configuration.WebSecurityConfiguration': Unsatisfied dependency expressed through method 'setFilterChains' parameter 0; nested exception is org.springframework.beans.factory.BeanCreationException: Error creating bean with name 'filterChain' defined in class path resource [dev/marksduarte/sbaclient/SecurityConfig.class]: Bean instantiation via factory method failed; nested exception is org.springframework.beans.BeanInstantiationException: Failed to instantiate [org.springframework.security.web.SecurityFilterChain]: Factory method 'filterChain' threw exception; nested exception is java.lang.IllegalStateException: An incomplete mapping was found for [any request]. Try completing it with something like requestUrls().<something>.hasRole('USER')
2023-04-08 00:06:28.520  INFO 23480 --- [main] o.apache.catalina.core.StandardService   : Stopping service [Tomcat]
2023-04-08 00:06:28.532  INFO 23480 --- [main] ConditionEvaluationReportLoggingListener : 

Error starting ApplicationContext. To display the conditions report re-run your application with 'debug' enabled.
2023-04-08 00:06:28.545 ERROR 23480 --- [main] o.s.boot.SpringApplication               : Application run failed

org.springframework.beans.factory.UnsatisfiedDependencyException: Error creating bean with name 'org.springframework.security.config.annotation.web.configuration.WebSecurityConfiguration': Unsatisfied dependency expressed through method 'setFilterChains' parameter 0; nested exception is org.springframework.beans.factory.BeanCreationException: Error creating bean with name 'filterChain' defined in class path resource [dev/marksduarte/sbaclient/SecurityConfig.class]: Bean instantiation via factory method failed; nested exception is org.springframework.beans.BeanInstantiationException: Failed to instantiate [org.springframework.security.web.SecurityFilterChain]: Factory method 'filterChain' threw exception; nested exception is java.lang.IllegalStateException: An incomplete mapping was found for [any request]. Try completing it with something like requestUrls().<something>.hasRole('USER')
	at org.springframework.beans.factory.annotation.AutowiredAnnotationBeanPostProcessor$AutowiredMethodElement.resolveMethodArguments(AutowiredAnnotationBeanPostProcessor.java:768) ~[spring-beans-5.3.26.jar:5.3.26]
	at org.springframework.beans.factory.annotation.AutowiredAnnotationBeanPostProcessor$AutowiredMethodElement.inject(AutowiredAnnotationBeanPostProcessor.java:720) ~[spring-beans-5.3.26.jar:5.3.26]
	at org.springframework.beans.factory.annotation.InjectionMetadata.inject(InjectionMetadata.java:119) ~[spring-beans-5.3.26.jar:5.3.26]
	at org.springframework.beans.factory.annotation.AutowiredAnnotationBeanPostProcessor.postProcessProperties(AutowiredAnnotationBeanPostProcessor.java:399) ~[spring-beans-5.3.26.jar:5.3.26]
	at org.springframework.beans.factory.support.AbstractAutowireCapableBeanFactory.populateBean(AbstractAutowireCapableBeanFactory.java:1431) ~[spring-beans-5.3.26.jar:5.3.26]
	at org.springframework.beans.factory.support.AbstractAutowireCapableBeanFactory.doCreateBean(AbstractAutowireCapableBeanFactory.java:619) ~[spring-beans-5.3.26.jar:5.3.26]
	at org.springframework.beans.factory.support.AbstractAutowireCapableBeanFactory.createBean(AbstractAutowireCapableBeanFactory.java:542) ~[spring-beans-5.3.26.jar:5.3.26]
	at org.springframework.beans.factory.support.AbstractBeanFactory.lambda$doGetBean$0(AbstractBeanFactory.java:335) ~[spring-beans-5.3.26.jar:5.3.26]
	at org.springframework.beans.factory.support.DefaultSingletonBeanRegistry.getSingleton(DefaultSingletonBeanRegistry.java:234) ~[spring-beans-5.3.26.jar:5.3.26]
	at org.springframework.beans.factory.support.AbstractBeanFactory.doGetBean(AbstractBeanFactory.java:333) ~[spring-beans-5.3.26.jar:5.3.26]
	at org.springframework.beans.factory.support.AbstractBeanFactory.getBean(AbstractBeanFactory.java:208) ~[spring-beans-5.3.26.jar:5.3.26]
	at org.springframework.beans.factory.support.DefaultListableBeanFactory.preInstantiateSingletons(DefaultListableBeanFactory.java:955) ~[spring-beans-5.3.26.jar:5.3.26]
	at org.springframework.context.support.AbstractApplicationContext.finishBeanFactoryInitialization(AbstractApplicationContext.java:920) ~[spring-context-5.3.26.jar:5.3.26]
	at org.springframework.context.support.AbstractApplicationContext.refresh(AbstractApplicationContext.java:583) ~[spring-context-5.3.26.jar:5.3.26]
	at org.springframework.boot.web.servlet.context.ServletWebServerApplicationContext.refresh(ServletWebServerApplicationContext.java:147) ~[spring-boot-2.7.10.jar:2.7.10]
	at org.springframework.boot.SpringApplication.refresh(SpringApplication.java:731) ~[spring-boot-2.7.10.jar:2.7.10]
	at org.springframework.boot.SpringApplication.refreshContext(SpringApplication.java:408) ~[spring-boot-2.7.10.jar:2.7.10]
	at org.springframework.boot.SpringApplication.run(SpringApplication.java:307) ~[spring-boot-2.7.10.jar:2.7.10]
	at org.springframework.boot.SpringApplication.run(SpringApplication.java:1303) ~[spring-boot-2.7.10.jar:2.7.10]
	at org.springframework.boot.SpringApplication.run(SpringApplication.java:1292) ~[spring-boot-2.7.10.jar:2.7.10]
	at dev.marksduarte.sbaclient.SbaClientApplication.main(SbaClientApplication.java:10) ~[classes/:na]
Caused by: org.springframework.beans.factory.BeanCreationException: Error creating bean with name 'filterChain' defined in class path resource [dev/marksduarte/sbaclient/SecurityConfig.class]: Bean instantiation via factory method failed; nested exception is org.springframework.beans.BeanInstantiationException: Failed to instantiate [org.springframework.security.web.SecurityFilterChain]: Factory method 'filterChain' threw exception; nested exception is java.lang.IllegalStateException: An incomplete mapping was found for [any request]. Try completing it with something like requestUrls().<something>.hasRole('USER')
	at org.springframework.beans.factory.support.ConstructorResolver.instantiate(ConstructorResolver.java:658) ~[spring-beans-5.3.26.jar:5.3.26]
	at org.springframework.beans.factory.support.ConstructorResolver.instantiateUsingFactoryMethod(ConstructorResolver.java:638) ~[spring-beans-5.3.26.jar:5.3.26]
	at org.springframework.beans.factory.support.AbstractAutowireCapableBeanFactory.instantiateUsingFactoryMethod(AbstractAutowireCapableBeanFactory.java:1352) ~[spring-beans-5.3.26.jar:5.3.26]
	at org.springframework.beans.factory.support.AbstractAutowireCapableBeanFactory.createBeanInstance(AbstractAutowireCapableBeanFactory.java:1195) ~[spring-beans-5.3.26.jar:5.3.26]
	at org.springframework.beans.factory.support.AbstractAutowireCapableBeanFactory.doCreateBean(AbstractAutowireCapableBeanFactory.java:582) ~[spring-beans-5.3.26.jar:5.3.26]
	at org.springframework.beans.factory.support.AbstractAutowireCapableBeanFactory.createBean(AbstractAutowireCapableBeanFactory.java:542) ~[spring-beans-5.3.26.jar:5.3.26]
	at org.springframework.beans.factory.support.AbstractBeanFactory.lambda$doGetBean$0(AbstractBeanFactory.java:335) ~[spring-beans-5.3.26.jar:5.3.26]
	at org.springframework.beans.factory.support.DefaultSingletonBeanRegistry.getSingleton(DefaultSingletonBeanRegistry.java:234) ~[spring-beans-5.3.26.jar:5.3.26]
	at org.springframework.beans.factory.support.AbstractBeanFactory.doGetBean(AbstractBeanFactory.java:333) ~[spring-beans-5.3.26.jar:5.3.26]
	at org.springframework.beans.factory.support.AbstractBeanFactory.getBean(AbstractBeanFactory.java:208) ~[spring-beans-5.3.26.jar:5.3.26]
	at org.springframework.beans.factory.config.DependencyDescriptor.resolveCandidate(DependencyDescriptor.java:276) ~[spring-beans-5.3.26.jar:5.3.26]
	at org.springframework.beans.factory.support.DefaultListableBeanFactory.addCandidateEntry(DefaultListableBeanFactory.java:1609) ~[spring-beans-5.3.26.jar:5.3.26]
	at org.springframework.beans.factory.support.DefaultListableBeanFactory.findAutowireCandidates(DefaultListableBeanFactory.java:1573) ~[spring-beans-5.3.26.jar:5.3.26]
	at org.springframework.beans.factory.support.DefaultListableBeanFactory.resolveMultipleBeans(DefaultListableBeanFactory.java:1462) ~[spring-beans-5.3.26.jar:5.3.26]
	at org.springframework.beans.factory.support.DefaultListableBeanFactory.doResolveDependency(DefaultListableBeanFactory.java:1349) ~[spring-beans-5.3.26.jar:5.3.26]
	at org.springframework.beans.factory.support.DefaultListableBeanFactory.resolveDependency(DefaultListableBeanFactory.java:1311) ~[spring-beans-5.3.26.jar:5.3.26]
	at org.springframework.beans.factory.annotation.AutowiredAnnotationBeanPostProcessor$AutowiredMethodElement.resolveMethodArguments(AutowiredAnnotationBeanPostProcessor.java:760) ~[spring-beans-5.3.26.jar:5.3.26]
	... 20 common frames omitted
Caused by: org.springframework.beans.BeanInstantiationException: Failed to instantiate [org.springframework.security.web.SecurityFilterChain]: Factory method 'filterChain' threw exception; nested exception is java.lang.IllegalStateException: An incomplete mapping was found for [any request]. Try completing it with something like requestUrls().<something>.hasRole('USER')
	at org.springframework.beans.factory.support.SimpleInstantiationStrategy.instantiate(SimpleInstantiationStrategy.java:185) ~[spring-beans-5.3.26.jar:5.3.26]
	at org.springframework.beans.factory.support.ConstructorResolver.instantiate(ConstructorResolver.java:653) ~[spring-beans-5.3.26.jar:5.3.26]
	... 36 common frames omitted
Caused by: java.lang.IllegalStateException: An incomplete mapping was found for [any request]. Try completing it with something like requestUrls().<something>.hasRole('USER')
	at org.springframework.util.Assert.state(Assert.java:97) ~[spring-core-5.3.26.jar:5.3.26]
	at org.springframework.security.config.annotation.web.configurers.AuthorizeHttpRequestsConfigurer$AuthorizationManagerRequestMatcherRegistry.createAuthorizationManager(AuthorizeHttpRequestsConfigurer.java:140) ~[spring-security-config-5.7.7.jar:5.7.7]
	at org.springframework.security.config.annotation.web.configurers.AuthorizeHttpRequestsConfigurer$AuthorizationManagerRequestMatcherRegistry.access$100(AuthorizeHttpRequestsConfigurer.java:111) ~[spring-security-config-5.7.7.jar:5.7.7]
	at org.springframework.security.config.annotation.web.configurers.AuthorizeHttpRequestsConfigurer.configure(AuthorizeHttpRequestsConfigurer.java:85) ~[spring-security-config-5.7.7.jar:5.7.7]
	at org.springframework.security.config.annotation.web.configurers.AuthorizeHttpRequestsConfigurer.configure(AuthorizeHttpRequestsConfigurer.java:49) ~[spring-security-config-5.7.7.jar:5.7.7]
	at org.springframework.security.config.annotation.AbstractConfiguredSecurityBuilder.configure(AbstractConfiguredSecurityBuilder.java:349) ~[spring-security-config-5.7.7.jar:5.7.7]
	at org.springframework.security.config.annotation.AbstractConfiguredSecurityBuilder.doBuild(AbstractConfiguredSecurityBuilder.java:303) ~[spring-security-config-5.7.7.jar:5.7.7]
	at org.springframework.security.config.annotation.AbstractSecurityBuilder.build(AbstractSecurityBuilder.java:38) ~[spring-security-config-5.7.7.jar:5.7.7]
	at dev.marksduarte.sbaclient.SecurityConfig.filterChain(SecurityConfig.java:19) ~[classes/:na]
	at dev.marksduarte.sbaclient.SecurityConfig$$EnhancerBySpringCGLIB$$bfa18f41.CGLIB$filterChain$0(<generated>) ~[classes/:na]
	at dev.marksduarte.sbaclient.SecurityConfig$$EnhancerBySpringCGLIB$$bfa18f41$$FastClassBySpringCGLIB$$fed4c7d7.invoke(<generated>) ~[classes/:na]
	at org.springframework.cglib.proxy.MethodProxy.invokeSuper(MethodProxy.java:244) ~[spring-core-5.3.26.jar:5.3.26]
	at org.springframework.context.annotation.ConfigurationClassEnhancer$BeanMethodInterceptor.intercept(ConfigurationClassEnhancer.java:331) ~[spring-context-5.3.26.jar:5.3.26]
	at dev.marksduarte.sbaclient.SecurityConfig$$EnhancerBySpringCGLIB$$bfa18f41.filterChain(<generated>) ~[classes/:na]
	at java.base/jdk.internal.reflect.NativeMethodAccessorImpl.invoke0(Native Method) ~[na:na]
	at java.base/jdk.internal.reflect.NativeMethodAccessorImpl.invoke(NativeMethodAccessorImpl.java:62) ~[na:na]
	at java.base/jdk.internal.reflect.DelegatingMethodAccessorImpl.invoke(DelegatingMethodAccessorImpl.java:43) ~[na:na]
	at java.base/java.lang.reflect.Method.invoke(Method.java:566) ~[na:na]
	at org.springframework.beans.factory.support.SimpleInstantiationStrategy.instantiate(SimpleInstantiationStrategy.java:154) ~[spring-beans-5.3.26.jar:5.3.26]
	... 37 common frames omitted

2023-04-08 00:07:04.030  INFO 22836 --- [main] d.m.sbaclient.SbaClientApplication       : Starting SbaClientApplication using Java 11.0.16.1 on A70MOB with PID 22836 (D:\projects\marks\spring-boot-admin-server\sba-client\target\classes started by marks in D:\projects\marks\spring-boot-admin-server\sba-client)
2023-04-08 00:07:04.032  INFO 22836 --- [main] d.m.sbaclient.SbaClientApplication       : No active profile set, falling back to 1 default profile: "default"
2023-04-08 00:07:04.574  INFO 22836 --- [main] o.s.b.w.embedded.tomcat.TomcatWebServer  : Tomcat initialized with port(s): 8080 (http)
2023-04-08 00:07:04.578  INFO 22836 --- [main] o.apache.catalina.core.StandardService   : Starting service [Tomcat]
2023-04-08 00:07:04.578  INFO 22836 --- [main] org.apache.catalina.core.StandardEngine  : Starting Servlet engine: [Apache Tomcat/9.0.73]
2023-04-08 00:07:04.629  INFO 22836 --- [main] o.a.c.c.C.[.[localhost].[/admin-client]  : Initializing Spring embedded WebApplicationContext
2023-04-08 00:07:04.629  INFO 22836 --- [main] w.s.c.ServletWebServerApplicationContext : Root WebApplicationContext: initialization completed in 576 ms
2023-04-08 00:07:04.771  INFO 22836 --- [main] o.s.s.web.DefaultSecurityFilterChain     : Will secure any request with [org.springframework.security.web.session.DisableEncodeUrlFilter@6fe595dc, org.springframework.security.web.context.request.async.WebAsyncManagerIntegrationFilter@5af5d76f, org.springframework.security.web.context.SecurityContextPersistenceFilter@3d8d17a3, org.springframework.security.web.header.HeaderWriterFilter@da4cf09, org.springframework.security.web.authentication.logout.LogoutFilter@66f5a02e, org.springframework.security.web.savedrequest.RequestCacheAwareFilter@49433c98, org.springframework.security.web.servletapi.SecurityContextHolderAwareRequestFilter@47829d6d, org.springframework.security.web.authentication.AnonymousAuthenticationFilter@3a8cea24, org.springframework.security.web.session.SessionManagementFilter@74b86971, org.springframework.security.web.access.ExceptionTranslationFilter@5f8d9767, org.springframework.security.web.access.intercept.AuthorizationFilter@6588b715]
2023-04-08 00:07:04.970  INFO 22836 --- [main] o.s.b.a.e.web.EndpointLinksResolver      : Exposing 15 endpoint(s) beneath base path '/actuator'
2023-04-08 00:07:04.995  INFO 22836 --- [main] o.s.b.w.embedded.tomcat.TomcatWebServer  : Tomcat started on port(s): 8080 (http) with context path '/admin-client'
2023-04-08 00:07:05.006  INFO 22836 --- [main] d.m.sbaclient.SbaClientApplication       : Started SbaClientApplication in 1.211 seconds (JVM running for 1.844)
2023-04-08 00:07:05.124  INFO 22836 --- [registrationTask1] d.c.b.a.c.r.ApplicationRegistrator       : Application registered itself as c823579cc6b3
2023-04-08 00:07:05.141  INFO 22836 --- [http-nio-8080-exec-1] o.a.c.c.C.[.[localhost].[/admin-client]  : Initializing Spring DispatcherServlet 'dispatcherServlet'
2023-04-08 00:07:05.142  INFO 22836 --- [http-nio-8080-exec-1] o.s.web.servlet.DispatcherServlet        : Initializing Servlet 'dispatcherServlet'
2023-04-08 00:07:05.143  INFO 22836 --- [http-nio-8080-exec-1] o.s.web.servlet.DispatcherServlet        : Completed initialization in 1 ms
2023-04-08 00:21:06.938  WARN 22836 --- [SpringApplicationShutdownHook] d.c.b.a.c.r.ApplicationRegistrator       : Failed to deregister application (id=c823579cc6b3) at spring-boot-admin (http://localhost:8081/admin-console/instances): I/O error on DELETE request for "http://localhost:8081/admin-console/instances/c823579cc6b3": Connection refused: connect; nested exception is java.net.ConnectException: Connection refused: connect
